2023-11-14 10:17:30,242 [1] INFO Microsoft.Hosting.Lifetime.?[?] - Now listening on: http://localhost:5054
2023-11-14 10:17:30,428 [1] INFO Microsoft.Hosting.Lifetime.OnApplicationStarted[0] - Application started. Press Ctrl+C to shut down.
2023-11-14 10:17:30,442 [1] INFO Microsoft.Hosting.Lifetime.OnApplicationStarted[0] - Hosting environment: Development
2023-11-14 10:17:30,451 [1] INFO Microsoft.Hosting.Lifetime.OnApplicationStarted[0] - Content root path: C:\Users\ADMIN\OneDrive\Documents\hexaware\day 1\ShoppingSoultion\ShoppingApp\
2023-11-14 10:24:44,912 [1] INFO Microsoft.Hosting.Lifetime.?[?] - Now listening on: http://localhost:5054
2023-11-14 10:24:45,021 [1] INFO Microsoft.Hosting.Lifetime.OnApplicationStarted[0] - Application started. Press Ctrl+C to shut down.
2023-11-14 10:24:45,028 [1] INFO Microsoft.Hosting.Lifetime.OnApplicationStarted[0] - Hosting environment: Development
2023-11-14 10:24:45,032 [1] INFO Microsoft.Hosting.Lifetime.OnApplicationStarted[0] - Content root path: C:\Users\ADMIN\OneDrive\Documents\hexaware\day 1\ShoppingSoultion\ShoppingApp\
2023-11-14 10:26:13,842 [.NET ThreadPool Worker] INFO Microsoft.EntityFrameworkCore.Infrastructure.?[?] - Entity Framework Core 6.0.24 initialized 'ShoppingContext' using provider 'Microsoft.EntityFrameworkCore.SqlServer:6.0.24' with options: None
2023-11-14 10:26:17,688 [.NET ThreadPool Worker] INFO Microsoft.EntityFrameworkCore.Database.Command.?[?] - Executed DbCommand (192ms) [Parameters=[@__key_0='?' (Size = 450)], CommandType='Text', CommandTimeout='30']
SELECT TOP(2) [u].[Username], [u].[Key], [u].[Password], [u].[Role]
FROM [Users] AS [u]
WHERE [u].[Username] = @__key_0
2023-11-14 10:26:44,758 [.NET ThreadPool Worker] INFO Microsoft.EntityFrameworkCore.Infrastructure.?[?] - Entity Framework Core 6.0.24 initialized 'ShoppingContext' using provider 'Microsoft.EntityFrameworkCore.SqlServer:6.0.24' with options: None
2023-11-14 10:26:44,869 [.NET ThreadPool Worker] INFO Microsoft.EntityFrameworkCore.Database.Command.?[?] - Executed DbCommand (35ms) [Parameters=[@__key_0='?' (Size = 450)], CommandType='Text', CommandTimeout='30']
SELECT TOP(2) [u].[Username], [u].[Key], [u].[Password], [u].[Role]
FROM [Users] AS [u]
WHERE [u].[Username] = @__key_0
2023-11-14 10:27:19,157 [.NET ThreadPool Worker] INFO Microsoft.EntityFrameworkCore.Infrastructure.?[?] - Entity Framework Core 6.0.24 initialized 'ShoppingContext' using provider 'Microsoft.EntityFrameworkCore.SqlServer:6.0.24' with options: None
2023-11-14 10:27:19,305 [.NET ThreadPool Worker] INFO Microsoft.EntityFrameworkCore.Database.Command.?[?] - Executed DbCommand (71ms) [Parameters=[@__key_0='?' (Size = 450)], CommandType='Text', CommandTimeout='30']
SELECT TOP(2) [u].[Username], [u].[Key], [u].[Password], [u].[Role]
FROM [Users] AS [u]
WHERE [u].[Username] = @__key_0
2023-11-14 10:27:49,452 [.NET ThreadPool Worker] INFO Microsoft.EntityFrameworkCore.Infrastructure.?[?] - Entity Framework Core 6.0.24 initialized 'ShoppingContext' using provider 'Microsoft.EntityFrameworkCore.SqlServer:6.0.24' with options: None
2023-11-14 10:27:50,128 [.NET ThreadPool Worker] INFO Microsoft.EntityFrameworkCore.Database.Command.?[?] - Executed DbCommand (109ms) [Parameters=[@p0='?' (Size = 4000), @p1='?' (Size = 4000), @p2='?' (DbType = Single), @p3='?' (DbType = Int32)], CommandType='Text', CommandTimeout='30']
SET NOCOUNT ON;
INSERT INTO [Products] ([Name], [Picture], [Price], [Quantity])
VALUES (@p0, @p1, @p2, @p3);
SELECT [Id]
FROM [Products]
WHERE @@ROWCOUNT = 1 AND [Id] = scope_identity();
2023-11-14 10:28:16,674 [.NET ThreadPool Worker] INFO Microsoft.EntityFrameworkCore.Infrastructure.?[?] - Entity Framework Core 6.0.24 initialized 'ShoppingContext' using provider 'Microsoft.EntityFrameworkCore.SqlServer:6.0.24' with options: None
2023-11-14 10:28:16,882 [.NET ThreadPool Worker] INFO Microsoft.EntityFrameworkCore.Database.Command.?[?] - Executed DbCommand (32ms) [Parameters=[], CommandType='Text', CommandTimeout='30']
SELECT COUNT(*)
FROM [Products] AS [p]
2023-11-14 10:28:16,896 [.NET ThreadPool Worker] INFO Microsoft.EntityFrameworkCore.Database.Command.?[?] - Executed DbCommand (3ms) [Parameters=[], CommandType='Text', CommandTimeout='30']
SELECT [p].[Id], [p].[Name], [p].[Picture], [p].[Price], [p].[Quantity]
FROM [Products] AS [p]
2023-11-14 10:28:16,913 [.NET ThreadPool Worker] INFO ShoppingApp.Controllers.ProductController.Get[30] - Product Listed
2023-11-14 11:43:54,770 [1] INFO Microsoft.Hosting.Lifetime.?[?] - Now listening on: http://localhost:5054
2023-11-14 11:43:54,849 [1] INFO Microsoft.Hosting.Lifetime.OnApplicationStarted[0] - Application started. Press Ctrl+C to shut down.
2023-11-14 11:43:54,854 [1] INFO Microsoft.Hosting.Lifetime.OnApplicationStarted[0] - Hosting environment: Development
2023-11-14 11:43:54,856 [1] INFO Microsoft.Hosting.Lifetime.OnApplicationStarted[0] - Content root path: C:\Users\ADMIN\OneDrive\Documents\hexaware\day 1\ShoppingSoultion\ShoppingApp\
2023-11-14 11:47:56,567 [1] INFO Microsoft.Hosting.Lifetime.?[?] - Now listening on: http://localhost:5054
2023-11-14 11:47:56,660 [1] INFO Microsoft.Hosting.Lifetime.OnApplicationStarted[0] - Application started. Press Ctrl+C to shut down.
2023-11-14 11:47:56,665 [1] INFO Microsoft.Hosting.Lifetime.OnApplicationStarted[0] - Hosting environment: Development
2023-11-14 11:47:56,667 [1] INFO Microsoft.Hosting.Lifetime.OnApplicationStarted[0] - Content root path: C:\Users\ADMIN\OneDrive\Documents\hexaware\day 1\ShoppingSoultion\ShoppingApp\
2023-11-14 11:49:11,714 [.NET ThreadPool Worker] INFO Microsoft.EntityFrameworkCore.Infrastructure.?[?] - Entity Framework Core 6.0.24 initialized 'ShoppingContext' using provider 'Microsoft.EntityFrameworkCore.SqlServer:6.0.24' with options: None
2023-11-14 11:49:15,774 [.NET ThreadPool Worker] INFO Microsoft.EntityFrameworkCore.Database.Command.?[?] - Executed DbCommand (283ms) [Parameters=[@__key_0='?' (Size = 450)], CommandType='Text', CommandTimeout='30']
SELECT TOP(2) [u].[Username], [u].[Key], [u].[Password], [u].[Role]
FROM [Users] AS [u]
WHERE [u].[Username] = @__key_0
2023-11-14 12:11:26,799 [1] INFO Microsoft.Hosting.Lifetime.?[?] - Now listening on: http://localhost:5054
2023-11-14 12:11:27,017 [1] INFO Microsoft.Hosting.Lifetime.OnApplicationStarted[0] - Application started. Press Ctrl+C to shut down.
2023-11-14 12:11:27,026 [1] INFO Microsoft.Hosting.Lifetime.OnApplicationStarted[0] - Hosting environment: Development
2023-11-14 12:11:27,029 [1] INFO Microsoft.Hosting.Lifetime.OnApplicationStarted[0] - Content root path: C:\Users\ADMIN\OneDrive\Documents\hexaware\day 1\ShoppingSoultion\ShoppingApp\
2023-11-14 12:12:31,070 [.NET ThreadPool Worker] INFO Microsoft.EntityFrameworkCore.Infrastructure.?[?] - Entity Framework Core 6.0.24 initialized 'ShoppingContext' using provider 'Microsoft.EntityFrameworkCore.SqlServer:6.0.24' with options: None
2023-11-14 12:12:35,114 [.NET ThreadPool Worker] INFO Microsoft.EntityFrameworkCore.Database.Command.?[?] - Executed DbCommand (237ms) [Parameters=[@__key_0='?' (Size = 450)], CommandType='Text', CommandTimeout='30']
SELECT TOP(2) [u].[Username], [u].[Key], [u].[Password], [u].[Role]
FROM [Users] AS [u]
WHERE [u].[Username] = @__key_0
2023-11-14 12:14:29,370 [.NET ThreadPool Worker] INFO Microsoft.EntityFrameworkCore.Infrastructure.?[?] - Entity Framework Core 6.0.24 initialized 'ShoppingContext' using provider 'Microsoft.EntityFrameworkCore.SqlServer:6.0.24' with options: None
2023-11-14 12:14:30,314 [.NET ThreadPool Worker] INFO Microsoft.EntityFrameworkCore.Database.Command.?[?] - Executed DbCommand (125ms) [Parameters=[@p0='?' (Size = 4000), @p1='?' (Size = 4000), @p2='?' (DbType = Single), @p3='?' (DbType = Int32)], CommandType='Text', CommandTimeout='30']
SET NOCOUNT ON;
INSERT INTO [Products] ([Name], [Picture], [Price], [Quantity])
VALUES (@p0, @p1, @p2, @p3);
SELECT [Id]
FROM [Products]
WHERE @@ROWCOUNT = 1 AND [Id] = scope_identity();
2023-11-14 12:14:46,759 [.NET ThreadPool Worker] INFO Microsoft.EntityFrameworkCore.Infrastructure.?[?] - Entity Framework Core 6.0.24 initialized 'ShoppingContext' using provider 'Microsoft.EntityFrameworkCore.SqlServer:6.0.24' with options: None
2023-11-14 12:14:47,104 [.NET ThreadPool Worker] INFO Microsoft.EntityFrameworkCore.Database.Command.?[?] - Executed DbCommand (89ms) [Parameters=[], CommandType='Text', CommandTimeout='30']
SELECT COUNT(*)
FROM [Products] AS [p]
2023-11-14 12:14:47,153 [.NET ThreadPool Worker] INFO Microsoft.EntityFrameworkCore.Database.Command.?[?] - Executed DbCommand (11ms) [Parameters=[], CommandType='Text', CommandTimeout='30']
SELECT [p].[Id], [p].[Name], [p].[Picture], [p].[Price], [p].[Quantity]
FROM [Products] AS [p]
2023-11-14 12:14:47,191 [.NET ThreadPool Worker] INFO ShoppingApp.Controllers.ProductController.Get[30] - Product Listed
2023-11-15 15:02:26,973 [1] INFO Microsoft.Hosting.Lifetime.?[?] - Now listening on: http://localhost:5054
2023-11-15 15:02:27,423 [1] INFO Microsoft.Hosting.Lifetime.OnApplicationStarted[0] - Application started. Press Ctrl+C to shut down.
2023-11-15 15:02:27,433 [1] INFO Microsoft.Hosting.Lifetime.OnApplicationStarted[0] - Hosting environment: Development
2023-11-15 15:02:27,438 [1] INFO Microsoft.Hosting.Lifetime.OnApplicationStarted[0] - Content root path: C:\Users\ADMIN\OneDrive\Documents\hexaware\day 1\ShoppingSoultion\ShoppingApp\
2023-11-15 15:32:55,152 [1] INFO Microsoft.Hosting.Lifetime.?[?] - Now listening on: http://localhost:5054
2023-11-15 15:32:55,212 [1] INFO Microsoft.Hosting.Lifetime.OnApplicationStarted[0] - Application started. Press Ctrl+C to shut down.
2023-11-15 15:32:55,215 [1] INFO Microsoft.Hosting.Lifetime.OnApplicationStarted[0] - Hosting environment: Development
2023-11-15 15:32:55,217 [1] INFO Microsoft.Hosting.Lifetime.OnApplicationStarted[0] - Content root path: C:\Users\ADMIN\OneDrive\Documents\hexaware\day 1\ShoppingSoultion\ShoppingApp\
2023-11-16 15:05:42,845 [1] INFO Microsoft.Hosting.Lifetime.?[?] - Now listening on: http://localhost:5054
2023-11-16 15:05:43,100 [1] INFO Microsoft.Hosting.Lifetime.OnApplicationStarted[0] - Application started. Press Ctrl+C to shut down.
2023-11-16 15:05:43,117 [1] INFO Microsoft.Hosting.Lifetime.OnApplicationStarted[0] - Hosting environment: Development
2023-11-16 15:05:43,124 [1] INFO Microsoft.Hosting.Lifetime.OnApplicationStarted[0] - Content root path: C:\Users\ADMIN\OneDrive\Documents\hexaware\day 1\ShoppingSoultion\ShoppingApp\
2023-11-16 15:07:40,563 [.NET ThreadPool Worker] INFO Microsoft.EntityFrameworkCore.Infrastructure.?[?] - Entity Framework Core 6.0.24 initialized 'ShoppingContext' using provider 'Microsoft.EntityFrameworkCore.SqlServer:6.0.24' with options: None
2023-11-16 15:07:43,643 [.NET ThreadPool Worker] INFO Microsoft.EntityFrameworkCore.Database.Command.?[?] - Executed DbCommand (244ms) [Parameters=[], CommandType='Text', CommandTimeout='30']
SELECT [c].[cartNumber], [c].[Username]
FROM [Carts] AS [c]
2023-11-16 15:07:43,986 [.NET ThreadPool Worker] INFO Microsoft.EntityFrameworkCore.Database.Command.?[?] - Executed DbCommand (30ms) [Parameters=[], CommandType='Text', CommandTimeout='30']
SELECT [c].[CartNumber], [c].[Product_Id], [c].[Price], [c].[Quantity]
FROM [CartItems] AS [c]
2023-11-16 15:07:44,091 [.NET ThreadPool Worker] INFO Microsoft.EntityFrameworkCore.Database.Command.?[?] - Executed DbCommand (3ms) [Parameters=[], CommandType='Text', CommandTimeout='30']
SELECT [c].[CartNumber], [c].[Product_Id], [c].[Price], [c].[Quantity]
FROM [CartItems] AS [c]
2023-11-16 15:07:44,865 [.NET ThreadPool Worker] INFO Microsoft.EntityFrameworkCore.Database.Command.?[?] - Executed DbCommand (130ms) [Parameters=[@__key_0='?' (DbType = Int32)], CommandType='Text', CommandTimeout='30']
SELECT TOP(1) [c].[CartNumber], [c].[Product_Id], [c].[Price], [c].[Quantity]
FROM [CartItems] AS [c]
WHERE [c].[Product_Id] = @__key_0
2023-11-16 15:07:45,250 [.NET ThreadPool Worker] INFO Microsoft.EntityFrameworkCore.Database.Command.?[?] - Executed DbCommand (15ms) [Parameters=[@p2='?' (DbType = Int32), @p3='?' (DbType = Int32), @p0='?' (DbType = Single), @p1='?' (DbType = Int32)], CommandType='Text', CommandTimeout='30']
SET NOCOUNT ON;
UPDATE [CartItems] SET [Price] = @p0, [Quantity] = @p1
WHERE [CartNumber] = @p2 AND [Product_Id] = @p3;
SELECT @@ROWCOUNT;
2023-11-16 15:15:16,413 [.NET ThreadPool Worker] INFO Microsoft.EntityFrameworkCore.Infrastructure.?[?] - Entity Framework Core 6.0.24 initialized 'ShoppingContext' using provider 'Microsoft.EntityFrameworkCore.SqlServer:6.0.24' with options: None
2023-11-16 15:15:16,436 [.NET ThreadPool Worker] INFO Microsoft.EntityFrameworkCore.Database.Command.?[?] - Executed DbCommand (5ms) [Parameters=[], CommandType='Text', CommandTimeout='30']
SELECT [c].[cartNumber], [c].[Username]
FROM [Carts] AS [c]
2023-11-16 15:15:16,448 [.NET ThreadPool Worker] INFO Microsoft.EntityFrameworkCore.Database.Command.?[?] - Executed DbCommand (3ms) [Parameters=[], CommandType='Text', CommandTimeout='30']
SELECT [c].[CartNumber], [c].[Product_Id], [c].[Price], [c].[Quantity]
FROM [CartItems] AS [c]
2023-11-16 15:15:16,459 [.NET ThreadPool Worker] INFO Microsoft.EntityFrameworkCore.Database.Command.?[?] - Executed DbCommand (1ms) [Parameters=[], CommandType='Text', CommandTimeout='30']
SELECT [c].[CartNumber], [c].[Product_Id], [c].[Price], [c].[Quantity]
FROM [CartItems] AS [c]
2023-11-16 15:15:16,483 [.NET ThreadPool Worker] INFO Microsoft.EntityFrameworkCore.Database.Command.?[?] - Executed DbCommand (3ms) [Parameters=[@__key_0='?' (DbType = Int32)], CommandType='Text', CommandTimeout='30']
SELECT TOP(1) [c].[CartNumber], [c].[Product_Id], [c].[Price], [c].[Quantity]
FROM [CartItems] AS [c]
WHERE [c].[Product_Id] = @__key_0
2023-11-16 15:15:16,497 [.NET ThreadPool Worker] INFO Microsoft.EntityFrameworkCore.Database.Command.?[?] - Executed DbCommand (3ms) [Parameters=[@p2='?' (DbType = Int32), @p3='?' (DbType = Int32), @p0='?' (DbType = Single), @p1='?' (DbType = Int32)], CommandType='Text', CommandTimeout='30']
SET NOCOUNT ON;
UPDATE [CartItems] SET [Price] = @p0, [Quantity] = @p1
WHERE [CartNumber] = @p2 AND [Product_Id] = @p3;
SELECT @@ROWCOUNT;
2023-11-22 16:40:00,587 [1] INFO Microsoft.Hosting.Lifetime.?[?] - Now listening on: http://localhost:5054
2023-11-22 16:40:01,021 [1] INFO Microsoft.Hosting.Lifetime.OnApplicationStarted[0] - Application started. Press Ctrl+C to shut down.
2023-11-22 16:40:01,050 [1] INFO Microsoft.Hosting.Lifetime.OnApplicationStarted[0] - Hosting environment: Development
2023-11-22 16:40:01,053 [1] INFO Microsoft.Hosting.Lifetime.OnApplicationStarted[0] - Content root path: C:\Users\ADMIN\OneDrive\Documents\hexaware\day 1\ShoppingSoultion\ShoppingApp\
2023-11-22 16:45:22,992 [1] INFO Microsoft.Hosting.Lifetime.?[?] - Now listening on: http://localhost:5054
2023-11-22 16:45:23,067 [1] INFO Microsoft.Hosting.Lifetime.OnApplicationStarted[0] - Application started. Press Ctrl+C to shut down.
2023-11-22 16:45:23,072 [1] INFO Microsoft.Hosting.Lifetime.OnApplicationStarted[0] - Hosting environment: Development
2023-11-22 16:45:23,075 [1] INFO Microsoft.Hosting.Lifetime.OnApplicationStarted[0] - Content root path: C:\Users\ADMIN\OneDrive\Documents\hexaware\day 1\ShoppingSoultion\ShoppingApp\
2023-11-23 11:48:46,310 [1] INFO Microsoft.Hosting.Lifetime.?[?] - Now listening on: http://localhost:5054
2023-11-23 11:48:46,425 [1] INFO Microsoft.Hosting.Lifetime.OnApplicationStarted[0] - Application started. Press Ctrl+C to shut down.
2023-11-23 11:48:46,431 [1] INFO Microsoft.Hosting.Lifetime.OnApplicationStarted[0] - Hosting environment: Development
2023-11-23 11:48:46,434 [1] INFO Microsoft.Hosting.Lifetime.OnApplicationStarted[0] - Content root path: C:\Users\ADMIN\OneDrive\Documents\hexaware\day 1\ShoppingSoultion\ShoppingApp\
2023-11-23 11:50:14,590 [.NET ThreadPool Worker] INFO Microsoft.EntityFrameworkCore.Infrastructure.?[?] - Entity Framework Core 6.0.24 initialized 'ShoppingContext' using provider 'Microsoft.EntityFrameworkCore.SqlServer:6.0.24' with options: None
2023-11-23 11:50:17,764 [.NET ThreadPool Worker] INFO Microsoft.EntityFrameworkCore.Database.Command.?[?] - Executed DbCommand (350ms) [Parameters=[@p0='?' (Size = 4000), @p1='?' (Size = 4000), @p2='?' (DbType = Single), @p3='?' (DbType = Int32)], CommandType='Text', CommandTimeout='30']
SET NOCOUNT ON;
INSERT INTO [Products] ([Name], [Picture], [Price], [Quantity])
VALUES (@p0, @p1, @p2, @p3);
SELECT [Id]
FROM [Products]
WHERE @@ROWCOUNT = 1 AND [Id] = scope_identity();
2023-11-23 11:50:19,600 [.NET ThreadPool Worker] INFO Microsoft.EntityFrameworkCore.Infrastructure.?[?] - Entity Framework Core 6.0.24 initialized 'ShoppingContext' using provider 'Microsoft.EntityFrameworkCore.SqlServer:6.0.24' with options: None
2023-11-23 11:50:19,622 [.NET ThreadPool Worker] INFO Microsoft.EntityFrameworkCore.Database.Command.?[?] - Executed DbCommand (6ms) [Parameters=[@p0='?' (Size = 4000), @p1='?' (Size = 4000), @p2='?' (DbType = Single), @p3='?' (DbType = Int32)], CommandType='Text', CommandTimeout='30']
SET NOCOUNT ON;
INSERT INTO [Products] ([Name], [Picture], [Price], [Quantity])
VALUES (@p0, @p1, @p2, @p3);
SELECT [Id]
FROM [Products]
WHERE @@ROWCOUNT = 1 AND [Id] = scope_identity();
2023-11-23 11:51:22,552 [1] INFO Microsoft.Hosting.Lifetime.?[?] - Now listening on: http://localhost:5054
2023-11-23 11:51:22,655 [1] INFO Microsoft.Hosting.Lifetime.OnApplicationStarted[0] - Application started. Press Ctrl+C to shut down.
2023-11-23 11:51:22,662 [1] INFO Microsoft.Hosting.Lifetime.OnApplicationStarted[0] - Hosting environment: Development
2023-11-23 11:51:22,665 [1] INFO Microsoft.Hosting.Lifetime.OnApplicationStarted[0] - Content root path: C:\Users\ADMIN\OneDrive\Documents\hexaware\day 1\ShoppingSoultion\ShoppingApp\
2023-11-23 11:51:36,694 [.NET ThreadPool Worker] INFO Microsoft.EntityFrameworkCore.Infrastructure.?[?] - Entity Framework Core 6.0.24 initialized 'ShoppingContext' using provider 'Microsoft.EntityFrameworkCore.SqlServer:6.0.24' with options: None
2023-11-23 11:51:39,943 [.NET ThreadPool Worker] INFO Microsoft.EntityFrameworkCore.Database.Command.?[?] - Executed DbCommand (183ms) [Parameters=[], CommandType='Text', CommandTimeout='30']
SELECT COUNT(*)
FROM [Products] AS [p]
2023-11-23 11:51:40,269 [.NET ThreadPool Worker] INFO Microsoft.EntityFrameworkCore.Database.Command.?[?] - Executed DbCommand (13ms) [Parameters=[], CommandType='Text', CommandTimeout='30']
SELECT [p].[Id], [p].[Name], [p].[Picture], [p].[Price], [p].[Quantity]
FROM [Products] AS [p]
2023-11-23 11:51:40,525 [.NET ThreadPool Worker] INFO ShoppingApp.Controllers.ProductController.Get[32] - Product Listed
2023-11-23 12:29:18,421 [1] INFO Microsoft.Hosting.Lifetime.?[?] - Now listening on: http://localhost:5054
2023-11-23 12:29:18,505 [1] INFO Microsoft.Hosting.Lifetime.OnApplicationStarted[0] - Application started. Press Ctrl+C to shut down.
2023-11-23 12:29:18,513 [1] INFO Microsoft.Hosting.Lifetime.OnApplicationStarted[0] - Hosting environment: Development
2023-11-23 12:29:18,517 [1] INFO Microsoft.Hosting.Lifetime.OnApplicationStarted[0] - Content root path: C:\Users\ADMIN\OneDrive\Documents\hexaware\day 1\ShoppingSoultion\ShoppingApp\
2023-11-23 12:29:38,056 [.NET ThreadPool Worker] INFO Microsoft.EntityFrameworkCore.Infrastructure.?[?] - Entity Framework Core 6.0.24 initialized 'ShoppingContext' using provider 'Microsoft.EntityFrameworkCore.SqlServer:6.0.24' with options: None
2023-11-23 12:29:39,865 [.NET ThreadPool Worker] INFO Microsoft.EntityFrameworkCore.Database.Command.?[?] - Executed DbCommand (112ms) [Parameters=[], CommandType='Text', CommandTimeout='30']
SELECT COUNT(*)
FROM [Products] AS [p]
2023-11-23 12:29:39,976 [.NET ThreadPool Worker] INFO Microsoft.EntityFrameworkCore.Database.Command.?[?] - Executed DbCommand (6ms) [Parameters=[], CommandType='Text', CommandTimeout='30']
SELECT [p].[Id], [p].[Name], [p].[Picture], [p].[Price], [p].[Quantity]
FROM [Products] AS [p]
2023-11-23 12:29:40,068 [.NET ThreadPool Worker] INFO ShoppingApp.Controllers.ProductController.Get[32] - Product Listed
2023-11-23 12:29:40,219 [.NET ThreadPool Worker] INFO Microsoft.EntityFrameworkCore.Infrastructure.?[?] - Entity Framework Core 6.0.24 initialized 'ShoppingContext' using provider 'Microsoft.EntityFrameworkCore.SqlServer:6.0.24' with options: None
2023-11-23 12:29:40,227 [.NET ThreadPool Worker] INFO Microsoft.EntityFrameworkCore.Database.Command.?[?] - Executed DbCommand (2ms) [Parameters=[], CommandType='Text', CommandTimeout='30']
SELECT COUNT(*)
FROM [Products] AS [p]
2023-11-23 12:29:40,231 [.NET ThreadPool Worker] INFO Microsoft.EntityFrameworkCore.Database.Command.?[?] - Executed DbCommand (1ms) [Parameters=[], CommandType='Text', CommandTimeout='30']
SELECT [p].[Id], [p].[Name], [p].[Picture], [p].[Price], [p].[Quantity]
FROM [Products] AS [p]
2023-11-23 12:29:40,235 [.NET ThreadPool Worker] INFO ShoppingApp.Controllers.ProductController.Get[32] - Product Listed
2023-11-23 12:58:23,310 [1] INFO Microsoft.Hosting.Lifetime.?[?] - Now listening on: http://localhost:5054
2023-11-23 12:58:23,364 [1] INFO Microsoft.Hosting.Lifetime.OnApplicationStarted[0] - Application started. Press Ctrl+C to shut down.
2023-11-23 12:58:23,368 [1] INFO Microsoft.Hosting.Lifetime.OnApplicationStarted[0] - Hosting environment: Development
2023-11-23 12:58:23,370 [1] INFO Microsoft.Hosting.Lifetime.OnApplicationStarted[0] - Content root path: C:\Users\ADMIN\OneDrive\Documents\hexaware\day 1\ShoppingSoultion\ShoppingApp\
2023-11-23 12:58:37,375 [.NET ThreadPool Worker] INFO Microsoft.EntityFrameworkCore.Infrastructure.?[?] - Entity Framework Core 6.0.24 initialized 'ShoppingContext' using provider 'Microsoft.EntityFrameworkCore.SqlServer:6.0.24' with options: None
2023-11-23 12:58:38,602 [.NET ThreadPool Worker] INFO Microsoft.EntityFrameworkCore.Database.Command.?[?] - Executed DbCommand (51ms) [Parameters=[], CommandType='Text', CommandTimeout='30']
SELECT COUNT(*)
FROM [Products] AS [p]
2023-11-23 12:58:38,729 [.NET ThreadPool Worker] INFO Microsoft.EntityFrameworkCore.Database.Command.?[?] - Executed DbCommand (3ms) [Parameters=[], CommandType='Text', CommandTimeout='30']
SELECT [p].[Id], [p].[Name], [p].[Picture], [p].[Price], [p].[Quantity]
FROM [Products] AS [p]
2023-11-23 12:58:38,789 [.NET ThreadPool Worker] INFO ShoppingApp.Controllers.ProductController.Get[32] - Product Listed
2023-11-23 12:58:38,814 [.NET ThreadPool Worker] INFO Microsoft.EntityFrameworkCore.Infrastructure.?[?] - Entity Framework Core 6.0.24 initialized 'ShoppingContext' using provider 'Microsoft.EntityFrameworkCore.SqlServer:6.0.24' with options: None
2023-11-23 12:58:38,820 [.NET ThreadPool Worker] INFO Microsoft.EntityFrameworkCore.Database.Command.?[?] - Executed DbCommand (1ms) [Parameters=[], CommandType='Text', CommandTimeout='30']
SELECT COUNT(*)
FROM [Products] AS [p]
2023-11-23 12:58:38,825 [.NET ThreadPool Worker] INFO Microsoft.EntityFrameworkCore.Database.Command.?[?] - Executed DbCommand (0ms) [Parameters=[], CommandType='Text', CommandTimeout='30']
SELECT [p].[Id], [p].[Name], [p].[Picture], [p].[Price], [p].[Quantity]
FROM [Products] AS [p]
2023-11-23 12:58:38,829 [.NET ThreadPool Worker] INFO ShoppingApp.Controllers.ProductController.Get[32] - Product Listed
2023-11-23 12:58:39,327 [.NET ThreadPool Worker] INFO Microsoft.EntityFrameworkCore.Infrastructure.?[?] - Entity Framework Core 6.0.24 initialized 'ShoppingContext' using provider 'Microsoft.EntityFrameworkCore.SqlServer:6.0.24' with options: None
2023-11-23 12:58:39,335 [.NET ThreadPool Worker] INFO Microsoft.EntityFrameworkCore.Database.Command.?[?] - Executed DbCommand (1ms) [Parameters=[], CommandType='Text', CommandTimeout='30']
SELECT COUNT(*)
FROM [Products] AS [p]
2023-11-23 12:58:39,338 [.NET ThreadPool Worker] INFO Microsoft.EntityFrameworkCore.Database.Command.?[?] - Executed DbCommand (1ms) [Parameters=[], CommandType='Text', CommandTimeout='30']
SELECT [p].[Id], [p].[Name], [p].[Picture], [p].[Price], [p].[Quantity]
FROM [Products] AS [p]
2023-11-23 12:58:39,341 [.NET ThreadPool Worker] INFO ShoppingApp.Controllers.ProductController.Get[32] - Product Listed
2023-11-23 13:00:11,687 [.NET ThreadPool Worker] INFO Microsoft.EntityFrameworkCore.Infrastructure.?[?] - Entity Framework Core 6.0.24 initialized 'ShoppingContext' using provider 'Microsoft.EntityFrameworkCore.SqlServer:6.0.24' with options: None
2023-11-23 13:00:11,695 [.NET ThreadPool Worker] INFO Microsoft.EntityFrameworkCore.Database.Command.?[?] - Executed DbCommand (2ms) [Parameters=[], CommandType='Text', CommandTimeout='30']
SELECT COUNT(*)
FROM [Products] AS [p]
2023-11-23 13:00:11,701 [.NET ThreadPool Worker] INFO Microsoft.EntityFrameworkCore.Database.Command.?[?] - Executed DbCommand (1ms) [Parameters=[], CommandType='Text', CommandTimeout='30']
SELECT [p].[Id], [p].[Name], [p].[Picture], [p].[Price], [p].[Quantity]
FROM [Products] AS [p]
2023-11-23 13:00:11,705 [.NET ThreadPool Worker] INFO ShoppingApp.Controllers.ProductController.Get[32] - Product Listed
2023-11-24 10:46:29,366 [1] INFO Microsoft.Hosting.Lifetime.?[?] - Now listening on: http://localhost:5054
2023-11-24 10:46:29,625 [1] INFO Microsoft.Hosting.Lifetime.OnApplicationStarted[0] - Application started. Press Ctrl+C to shut down.
2023-11-24 10:46:29,632 [1] INFO Microsoft.Hosting.Lifetime.OnApplicationStarted[0] - Hosting environment: Development
2023-11-24 10:46:29,636 [1] INFO Microsoft.Hosting.Lifetime.OnApplicationStarted[0] - Content root path: C:\Users\ADMIN\OneDrive\Documents\hexaware\day 1\ShoppingSoultion\ShoppingApp\
2023-11-24 10:49:51,161 [.NET ThreadPool Worker] INFO Microsoft.EntityFrameworkCore.Infrastructure.?[?] - Entity Framework Core 6.0.24 initialized 'ShoppingContext' using provider 'Microsoft.EntityFrameworkCore.SqlServer:6.0.24' with options: None
2023-11-24 10:49:52,766 [.NET ThreadPool Worker] INFO Microsoft.EntityFrameworkCore.Database.Command.?[?] - Executed DbCommand (171ms) [Parameters=[@p0='?' (Size = 450), @p1='?' (Size = 8000) (DbType = Binary), @p2='?' (Size = 8000) (DbType = Binary), @p3='?' (Size = 4000)], CommandType='Text', CommandTimeout='30']
SET NOCOUNT ON;
INSERT INTO [Users] ([Username], [Key], [Password], [Role])
VALUES (@p0, @p1, @p2, @p3);
2023-11-24 15:20:53,915 [1] INFO Microsoft.Hosting.Lifetime.?[?] - Now listening on: http://localhost:5054
2023-11-24 15:20:53,999 [1] INFO Microsoft.Hosting.Lifetime.OnApplicationStarted[0] - Application started. Press Ctrl+C to shut down.
2023-11-24 15:20:54,012 [1] INFO Microsoft.Hosting.Lifetime.OnApplicationStarted[0] - Hosting environment: Development
2023-11-24 15:20:54,017 [1] INFO Microsoft.Hosting.Lifetime.OnApplicationStarted[0] - Content root path: C:\Users\ADMIN\OneDrive\Documents\hexaware\day 1\ShoppingSoultion\ShoppingApp\
2023-11-24 15:27:15,467 [.NET ThreadPool Worker] INFO Microsoft.EntityFrameworkCore.Infrastructure.?[?] - Entity Framework Core 6.0.24 initialized 'ShoppingContext' using provider 'Microsoft.EntityFrameworkCore.SqlServer:6.0.24' with options: None
2023-11-24 15:27:17,324 [.NET ThreadPool Worker] INFO Microsoft.EntityFrameworkCore.Database.Command.?[?] - Executed DbCommand (142ms) [Parameters=[@__key_0='?' (Size = 450)], CommandType='Text', CommandTimeout='30']
SELECT TOP(2) [u].[Username], [u].[Key], [u].[Password], [u].[Role]
FROM [Users] AS [u]
WHERE [u].[Username] = @__key_0
2023-11-24 15:27:34,607 [.NET ThreadPool Worker] INFO Microsoft.EntityFrameworkCore.Infrastructure.?[?] - Entity Framework Core 6.0.24 initialized 'ShoppingContext' using provider 'Microsoft.EntityFrameworkCore.SqlServer:6.0.24' with options: None
2023-11-24 15:27:34,618 [.NET ThreadPool Worker] INFO Microsoft.EntityFrameworkCore.Database.Command.?[?] - Executed DbCommand (3ms) [Parameters=[@__key_0='?' (Size = 450)], CommandType='Text', CommandTimeout='30']
SELECT TOP(2) [u].[Username], [u].[Key], [u].[Password], [u].[Role]
FROM [Users] AS [u]
WHERE [u].[Username] = @__key_0
2023-11-24 15:27:42,877 [.NET ThreadPool Worker] INFO Microsoft.EntityFrameworkCore.Infrastructure.?[?] - Entity Framework Core 6.0.24 initialized 'ShoppingContext' using provider 'Microsoft.EntityFrameworkCore.SqlServer:6.0.24' with options: None
2023-11-24 15:27:42,882 [.NET ThreadPool Worker] INFO Microsoft.EntityFrameworkCore.Database.Command.?[?] - Executed DbCommand (1ms) [Parameters=[@__key_0='?' (Size = 450)], CommandType='Text', CommandTimeout='30']
SELECT TOP(2) [u].[Username], [u].[Key], [u].[Password], [u].[Role]
FROM [Users] AS [u]
WHERE [u].[Username] = @__key_0
2023-11-24 15:27:47,765 [.NET ThreadPool Worker] INFO Microsoft.EntityFrameworkCore.Infrastructure.?[?] - Entity Framework Core 6.0.24 initialized 'ShoppingContext' using provider 'Microsoft.EntityFrameworkCore.SqlServer:6.0.24' with options: None
2023-11-24 15:27:47,769 [.NET ThreadPool Worker] INFO Microsoft.EntityFrameworkCore.Database.Command.?[?] - Executed DbCommand (1ms) [Parameters=[@__key_0='?' (Size = 450)], CommandType='Text', CommandTimeout='30']
SELECT TOP(2) [u].[Username], [u].[Key], [u].[Password], [u].[Role]
FROM [Users] AS [u]
WHERE [u].[Username] = @__key_0
2023-11-24 15:29:11,230 [.NET ThreadPool Worker] INFO Microsoft.EntityFrameworkCore.Infrastructure.?[?] - Entity Framework Core 6.0.24 initialized 'ShoppingContext' using provider 'Microsoft.EntityFrameworkCore.SqlServer:6.0.24' with options: None
2023-11-24 15:29:11,238 [.NET ThreadPool Worker] INFO Microsoft.EntityFrameworkCore.Database.Command.?[?] - Executed DbCommand (2ms) [Parameters=[@__key_0='?' (Size = 450)], CommandType='Text', CommandTimeout='30']
SELECT TOP(2) [u].[Username], [u].[Key], [u].[Password], [u].[Role]
FROM [Users] AS [u]
WHERE [u].[Username] = @__key_0
2023-11-24 15:29:59,440 [.NET ThreadPool Worker] INFO Microsoft.EntityFrameworkCore.Infrastructure.?[?] - Entity Framework Core 6.0.24 initialized 'ShoppingContext' using provider 'Microsoft.EntityFrameworkCore.SqlServer:6.0.24' with options: None
2023-11-24 15:29:59,445 [.NET ThreadPool Worker] INFO Microsoft.EntityFrameworkCore.Database.Command.?[?] - Executed DbCommand (2ms) [Parameters=[@__key_0='?' (Size = 450)], CommandType='Text', CommandTimeout='30']
SELECT TOP(2) [u].[Username], [u].[Key], [u].[Password], [u].[Role]
FROM [Users] AS [u]
WHERE [u].[Username] = @__key_0
2023-11-24 15:31:35,086 [.NET ThreadPool Worker] INFO Microsoft.EntityFrameworkCore.Infrastructure.?[?] - Entity Framework Core 6.0.24 initialized 'ShoppingContext' using provider 'Microsoft.EntityFrameworkCore.SqlServer:6.0.24' with options: None
2023-11-24 15:31:35,090 [.NET ThreadPool Worker] INFO Microsoft.EntityFrameworkCore.Database.Command.?[?] - Executed DbCommand (1ms) [Parameters=[@__key_0='?' (Size = 450)], CommandType='Text', CommandTimeout='30']
SELECT TOP(2) [u].[Username], [u].[Key], [u].[Password], [u].[Role]
FROM [Users] AS [u]
WHERE [u].[Username] = @__key_0
2023-11-24 15:43:16,154 [.NET ThreadPool Worker] INFO Microsoft.EntityFrameworkCore.Infrastructure.?[?] - Entity Framework Core 6.0.24 initialized 'ShoppingContext' using provider 'Microsoft.EntityFrameworkCore.SqlServer:6.0.24' with options: None
2023-11-24 15:43:16,889 [.NET ThreadPool Worker] INFO Microsoft.EntityFrameworkCore.Database.Command.?[?] - Executed DbCommand (49ms) [Parameters=[@__key_0='?' (Size = 450)], CommandType='Text', CommandTimeout='30']
SELECT TOP(2) [u].[Username], [u].[Key], [u].[Password], [u].[Role]
FROM [Users] AS [u]
WHERE [u].[Username] = @__key_0
2023-11-24 15:45:29,045 [.NET ThreadPool Worker] INFO Microsoft.EntityFrameworkCore.Infrastructure.?[?] - Entity Framework Core 6.0.24 initialized 'ShoppingContext' using provider 'Microsoft.EntityFrameworkCore.SqlServer:6.0.24' with options: None
2023-11-24 15:45:29,300 [.NET ThreadPool Worker] INFO Microsoft.EntityFrameworkCore.Database.Command.?[?] - Executed DbCommand (28ms) [Parameters=[@p0='?' (Size = 450), @p1='?' (Size = 8000) (DbType = Binary), @p2='?' (Size = 8000) (DbType = Binary), @p3='?' (Size = 4000)], CommandType='Text', CommandTimeout='30']
SET NOCOUNT ON;
INSERT INTO [Users] ([Username], [Key], [Password], [Role])
VALUES (@p0, @p1, @p2, @p3);
2023-11-24 15:45:32,404 [.NET ThreadPool Worker] INFO Microsoft.EntityFrameworkCore.Infrastructure.?[?] - Entity Framework Core 6.0.24 initialized 'ShoppingContext' using provider 'Microsoft.EntityFrameworkCore.SqlServer:6.0.24' with options: None
2023-11-24 15:45:32,443 [.NET ThreadPool Worker] ERROR Microsoft.EntityFrameworkCore.Database.Command.?[?] - Failed executing DbCommand (20ms) [Parameters=[@p0='?' (Size = 450), @p1='?' (Size = 8000) (DbType = Binary), @p2='?' (Size = 8000) (DbType = Binary), @p3='?' (Size = 4000)], CommandType='Text', CommandTimeout='30']
SET NOCOUNT ON;
INSERT INTO [Users] ([Username], [Key], [Password], [Role])
VALUES (@p0, @p1, @p2, @p3);
2023-11-24 15:45:32,474 [.NET ThreadPool Worker] ERROR Microsoft.EntityFrameworkCore.Update.?[?] - An exception occurred in the database while saving changes for context type 'ShoppingApp.Contexts.ShoppingContext'.
Microsoft.EntityFrameworkCore.DbUpdateException: An error occurred while saving the entity changes. See the inner exception for details.
 ---> Microsoft.Data.SqlClient.SqlException (0x80131904): Violation of PRIMARY KEY constraint 'PK_Users'. Cannot insert duplicate key in object 'dbo.Users'. The duplicate key value is (hi@gmail.com).
The statement has been terminated.
   at Microsoft.Data.SqlClient.SqlConnection.OnError(SqlException exception, Boolean breakConnection, Action`1 wrapCloseInAction)
   at Microsoft.Data.SqlClient.TdsParser.ThrowExceptionAndWarning(TdsParserStateObject stateObj, Boolean callerHasConnectionLock, Boolean asyncClose)
   at Microsoft.Data.SqlClient.TdsParser.TryRun(RunBehavior runBehavior, SqlCommand cmdHandler, SqlDataReader dataStream, BulkCopySimpleResultSet bulkCopyHandler, TdsParserStateObject stateObj, Boolean& dataReady)
   at Microsoft.Data.SqlClient.SqlDataReader.TryConsumeMetaData()
   at Microsoft.Data.SqlClient.SqlDataReader.get_MetaData()
   at Microsoft.Data.SqlClient.SqlCommand.FinishExecuteReader(SqlDataReader ds, RunBehavior runBehavior, String resetOptionsString, Boolean isInternal, Boolean forDescribeParameterEncryption, Boolean shouldCacheForAlwaysEncrypted)
   at Microsoft.Data.SqlClient.SqlCommand.RunExecuteReaderTds(CommandBehavior cmdBehavior, RunBehavior runBehavior, Boolean returnStream, Boolean isAsync, Int32 timeout, Task& task, Boolean asyncWrite, Boolean inRetry, SqlDataReader ds, Boolean describeParameterEncryptionRequest)
   at Microsoft.Data.SqlClient.SqlCommand.RunExecuteReader(CommandBehavior cmdBehavior, RunBehavior runBehavior, Boolean returnStream, TaskCompletionSource`1 completion, Int32 timeout, Task& task, Boolean& usedCache, Boolean asyncWrite, Boolean inRetry, String method)
   at Microsoft.Data.SqlClient.SqlCommand.ExecuteReader(CommandBehavior behavior)
   at Microsoft.EntityFrameworkCore.Storage.RelationalCommand.ExecuteReader(RelationalCommandParameterObject parameterObject)
   at Microsoft.EntityFrameworkCore.Update.ReaderModificationCommandBatch.Execute(IRelationalConnection connection)
ClientConnectionId:3f931cfd-30fc-40a9-a12d-9c6d6e4f59f3
Error Number:2627,State:1,Class:14
   --- End of inner exception stack trace ---
   at Microsoft.EntityFrameworkCore.Update.ReaderModificationCommandBatch.Execute(IRelationalConnection connection)
   at Microsoft.EntityFrameworkCore.Update.Internal.BatchExecutor.Execute(IEnumerable`1 commandBatches, IRelationalConnection connection)
   at Microsoft.EntityFrameworkCore.ChangeTracking.Internal.StateManager.SaveChanges(IList`1 entriesToSave)
   at Microsoft.EntityFrameworkCore.ChangeTracking.Internal.StateManager.SaveChanges(StateManager stateManager, Boolean acceptAllChangesOnSuccess)
   at Microsoft.EntityFrameworkCore.SqlServer.Storage.Internal.SqlServerExecutionStrategy.Execute[TState,TResult](TState state, Func`3 operation, Func`3 verifySucceeded)
   at Microsoft.EntityFrameworkCore.ChangeTracking.Internal.StateManager.SaveChanges(Boolean acceptAllChangesOnSuccess)
   at Microsoft.EntityFrameworkCore.DbContext.SaveChanges(Boolean acceptAllChangesOnSuccess)
Microsoft.EntityFrameworkCore.DbUpdateException: An error occurred while saving the entity changes. See the inner exception for details.
 ---> Microsoft.Data.SqlClient.SqlException (0x80131904): Violation of PRIMARY KEY constraint 'PK_Users'. Cannot insert duplicate key in object 'dbo.Users'. The duplicate key value is (hi@gmail.com).
The statement has been terminated.
   at Microsoft.Data.SqlClient.SqlConnection.OnError(SqlException exception, Boolean breakConnection, Action`1 wrapCloseInAction)
   at Microsoft.Data.SqlClient.TdsParser.ThrowExceptionAndWarning(TdsParserStateObject stateObj, Boolean callerHasConnectionLock, Boolean asyncClose)
   at Microsoft.Data.SqlClient.TdsParser.TryRun(RunBehavior runBehavior, SqlCommand cmdHandler, SqlDataReader dataStream, BulkCopySimpleResultSet bulkCopyHandler, TdsParserStateObject stateObj, Boolean& dataReady)
   at Microsoft.Data.SqlClient.SqlDataReader.TryConsumeMetaData()
   at Microsoft.Data.SqlClient.SqlDataReader.get_MetaData()
   at Microsoft.Data.SqlClient.SqlCommand.FinishExecuteReader(SqlDataReader ds, RunBehavior runBehavior, String resetOptionsString, Boolean isInternal, Boolean forDescribeParameterEncryption, Boolean shouldCacheForAlwaysEncrypted)
   at Microsoft.Data.SqlClient.SqlCommand.RunExecuteReaderTds(CommandBehavior cmdBehavior, RunBehavior runBehavior, Boolean returnStream, Boolean isAsync, Int32 timeout, Task& task, Boolean asyncWrite, Boolean inRetry, SqlDataReader ds, Boolean describeParameterEncryptionRequest)
   at Microsoft.Data.SqlClient.SqlCommand.RunExecuteReader(CommandBehavior cmdBehavior, RunBehavior runBehavior, Boolean returnStream, TaskCompletionSource`1 completion, Int32 timeout, Task& task, Boolean& usedCache, Boolean asyncWrite, Boolean inRetry, String method)
   at Microsoft.Data.SqlClient.SqlCommand.ExecuteReader(CommandBehavior behavior)
   at Microsoft.EntityFrameworkCore.Storage.RelationalCommand.ExecuteReader(RelationalCommandParameterObject parameterObject)
   at Microsoft.EntityFrameworkCore.Update.ReaderModificationCommandBatch.Execute(IRelationalConnection connection)
ClientConnectionId:3f931cfd-30fc-40a9-a12d-9c6d6e4f59f3
Error Number:2627,State:1,Class:14
   --- End of inner exception stack trace ---
   at Microsoft.EntityFrameworkCore.Update.ReaderModificationCommandBatch.Execute(IRelationalConnection connection)
   at Microsoft.EntityFrameworkCore.Update.Internal.BatchExecutor.Execute(IEnumerable`1 commandBatches, IRelationalConnection connection)
   at Microsoft.EntityFrameworkCore.ChangeTracking.Internal.StateManager.SaveChanges(IList`1 entriesToSave)
   at Microsoft.EntityFrameworkCore.ChangeTracking.Internal.StateManager.SaveChanges(StateManager stateManager, Boolean acceptAllChangesOnSuccess)
   at Microsoft.EntityFrameworkCore.SqlServer.Storage.Internal.SqlServerExecutionStrategy.Execute[TState,TResult](TState state, Func`3 operation, Func`3 verifySucceeded)
   at Microsoft.EntityFrameworkCore.ChangeTracking.Internal.StateManager.SaveChanges(Boolean acceptAllChangesOnSuccess)
   at Microsoft.EntityFrameworkCore.DbContext.SaveChanges(Boolean acceptAllChangesOnSuccess)
2023-11-24 15:46:49,332 [.NET ThreadPool Worker] INFO Microsoft.EntityFrameworkCore.Infrastructure.?[?] - Entity Framework Core 6.0.24 initialized 'ShoppingContext' using provider 'Microsoft.EntityFrameworkCore.SqlServer:6.0.24' with options: None
2023-11-24 15:46:49,337 [.NET ThreadPool Worker] INFO Microsoft.EntityFrameworkCore.Database.Command.?[?] - Executed DbCommand (2ms) [Parameters=[@p0='?' (Size = 450), @p1='?' (Size = 8000) (DbType = Binary), @p2='?' (Size = 8000) (DbType = Binary), @p3='?' (Size = 4000)], CommandType='Text', CommandTimeout='30']
SET NOCOUNT ON;
INSERT INTO [Users] ([Username], [Key], [Password], [Role])
VALUES (@p0, @p1, @p2, @p3);
2023-11-24 15:50:57,441 [.NET ThreadPool Worker] INFO Microsoft.EntityFrameworkCore.Infrastructure.?[?] - Entity Framework Core 6.0.24 initialized 'ShoppingContext' using provider 'Microsoft.EntityFrameworkCore.SqlServer:6.0.24' with options: None
2023-11-24 15:50:58,333 [.NET ThreadPool Worker] INFO Microsoft.EntityFrameworkCore.Database.Command.?[?] - Executed DbCommand (63ms) [Parameters=[@__key_0='?' (Size = 450)], CommandType='Text', CommandTimeout='30']
SELECT TOP(2) [u].[Username], [u].[Key], [u].[Password], [u].[Role]
FROM [Users] AS [u]
WHERE [u].[Username] = @__key_0
